[sandbox 1] id=d00fdd11-ded5-4173-850a-7eef803928a4
'Sandbox' object has no attribute 'filesystem'

[sandbox 2] id=5cc20c72-0bbc-48fa-aa1f-7f7ab811fc83
'Sandbox' object has no attribute 'filesystem'

[sandbox 3] id=66b798c7-dc5a-4e83-9357-f3b567719090
'Sandbox' object has no attribute 'filesystem'

[sandbox 4] id=sb-00003
Failed to create sandbox: Total CPU limit exceeded. Maximum allowed: 10.
To increase concurrency limits, upgrade your organization's Tier by visiting https://app.daytona.io/dashboard/limits.

[sandbox 5] id=sb-00004
Failed to create sandbox: Total CPU limit exceeded. Maximum allowed: 10.
To increase concurrency limits, upgrade your organization's Tier by visiting https://app.daytona.io/dashboard/limits.

[sandbox 6] id=sb-00005
Failed to create sandbox: Total CPU limit exceeded. Maximum allowed: 10.
To increase concurrency limits, upgrade your organization's Tier by visiting https://app.daytona.io/dashboard/limits.

[sandbox 7] id=sb-00006
Failed to create sandbox: Total CPU limit exceeded. Maximum allowed: 10.
To increase concurrency limits, upgrade your organization's Tier by visiting https://app.daytona.io/dashboard/limits.

[sandbox 8] id=sb-00007
Failed to create sandbox: Total CPU limit exceeded. Maximum allowed: 10.
To increase concurrency limits, upgrade your organization's Tier by visiting https://app.daytona.io/dashboard/limits.

[sandbox 9] id=sb-00008
Failed to create sandbox: Total CPU limit exceeded. Maximum allowed: 10.
To increase concurrency limits, upgrade your organization's Tier by visiting https://app.daytona.io/dashboard/limits.

[sandbox 10] id=sb-00009
Failed to create sandbox: Total CPU limit exceeded. Maximum allowed: 10.
To increase concurrency limits, upgrade your organization's Tier by visiting https://app.daytona.io/dashboard/limits.

[sandbox 11] id=sb-00010
Failed to create sandbox: Total CPU limit exceeded. Maximum allowed: 10.
To increase concurrency limits, upgrade your organization's Tier by visiting https://app.daytona.io/dashboard/limits.

[sandbox 12] id=5d2090ac-b849-43af-8515-a82260f909f1
'Sandbox' object has no attribute 'filesystem'

[sandbox 13] id=sb-00012
Failed to create sandbox: Total CPU limit exceeded. Maximum allowed: 10.
To increase concurrency limits, upgrade your organization's Tier by visiting https://app.daytona.io/dashboard/limits.

[sandbox 14] id=eb438793-33d5-4fd6-922a-17dde0c44036
'Sandbox' object has no attribute 'filesystem'

[sandbox 15] id=sb-00014
Failed to create sandbox: Total CPU limit exceeded. Maximum allowed: 10.
To increase concurrency limits, upgrade your organization's Tier by visiting https://app.daytona.io/dashboard/limits.

[sandbox 16] id=aec9485c-2b46-4b6f-8587-24da4d138be6
'Sandbox' object has no attribute 'filesystem'

[sandbox 17] id=sb-00016
Failed to create sandbox: Total CPU limit exceeded. Maximum allowed: 10.
To increase concurrency limits, upgrade your organization's Tier by visiting https://app.daytona.io/dashboard/limits.

[sandbox 18] id=sb-00017
Failed to create sandbox: Total CPU limit exceeded. Maximum allowed: 10.
To increase concurrency limits, upgrade your organization's Tier by visiting https://app.daytona.io/dashboard/limits.

[sandbox 19] id=c3c695d3-5543-45c0-adda-752f6e4c78d9
'Sandbox' object has no attribute 'filesystem'

[sandbox 20] id=sb-00019
Failed to create sandbox: Total CPU limit exceeded. Maximum allowed: 10.
To increase concurrency limits, upgrade your organization's Tier by visiting https://app.daytona.io/dashboard/limits.

[sandbox 21] id=73dd9bd3-a087-45d5-aaee-5c774591a07d
'Sandbox' object has no attribute 'filesystem'

[sandbox 22] id=sb-00021
Failed to create sandbox: Total CPU limit exceeded. Maximum allowed: 10.
To increase concurrency limits, upgrade your organization's Tier by visiting https://app.daytona.io/dashboard/limits.

[sandbox 23] id=3fa05f01-dbcf-4626-a5ce-bfb03dbb45e5
'Sandbox' object has no attribute 'filesystem'

[sandbox 24] id=sb-00023
Failed to create sandbox: Total CPU limit exceeded. Maximum allowed: 10.
To increase concurrency limits, upgrade your organization's Tier by visiting https://app.daytona.io/dashboard/limits.

[sandbox 25] id=0e76ddb7-77e7-4464-9c2c-51b56f4d8472
'Sandbox' object has no attribute 'filesystem'

